<?xml version="1.0" encoding="UTF-8"?>
<testsuite xmlns:xsi="http://www.w3.org/2001/XMLSchema-instance" xsi:noNamespaceSchemaLocation="https://maven.apache.org/surefire/maven-surefire-plugin/xsd/surefire-test-report-3.0.xsd" version="3.0" name="githubaction.demo.DemoApplicationTests" time="2.871" tests="1" errors="0" skipped="0" failures="0">
  <properties>
[...]
</properties>
  <testcase name="contextLoads" classname="githubaction.demo.DemoApplicationTests" time="1.191">
    <system-out><![CDATA[17:43:07.886 [main] INFO org.springframework.test.context.support.AnnotationConfigContextLoaderUtils -- Could not detect default configuration classes for test class [githubaction.demo.DemoApplicationTests]: DemoApplicationTests does not declare any static, non-private, non-final, nested classes annotated with @Configuration.
17:43:08.038 [main] INFO org.springframework.boot.test.context.SpringBootTestContextBootstrapper -- Found @SpringBootConfiguration githubaction.demo.DemoApplication for test class githubaction.demo.DemoApplicationTests

  .   ____          _            __ _ _
 /\\ / ___'_ __ _ _(_)_ __  __ _ \ \ \ \
( ( )\___ | '_ | '_| | '_ \/ _` | \ \ \ \
 \\/  ___)| |_)| | | | | || (_| |  ) ) ) )
  '  |____| .__|_| |_|_| |_\__, | / / / /
 =========|_|==============|___/=/_/_/_/
 :: Spring Boot ::                (v3.1.5)

2023-11-02T17:43:08.592+02:00  INFO 6964 --- [           main] githubaction.demo.DemoApplicationTests   : Starting DemoApplicationTests using Java 21.0.1 with PID 6964 (started by shaam in C:\code\github-actions\learn-github-action)
2023-11-02T17:43:08.593+02:00  INFO 6964 --- [           main] githubaction.demo.DemoApplicationTests   : No active profile set, falling back to 1 default profile: "default"
2023-11-02T17:43:09.252+02:00  INFO 6964 --- [           main] githubaction.demo.DemoApplicationTests   : Started DemoApplicationTests in 1.002 seconds (process running for 2.603)
]]></system-out>
    <system-err><![CDATA[WARNING: A Java agent has been loaded dynamically (C:\Users\shaam\.m2\repository\net\bytebuddy\byte-buddy-agent\1.14.9\byte-buddy-agent-1.14.9.jar)
WARNING: If a serviceability tool is in use, please run with -XX:+EnableDynamicAgentLoading to hide this warning
WARNING: If a serviceability tool is not in use, please run with -Djdk.instrument.traceUsage for more information
WARNING: Dynamic loading of agents will be disallowed by default in a future release
]]></system-err>
  </testcase>
</testsuite>